2025-01-29 19:31:24,162 - forecasters_reference_book_logger - INFO - Executing forecaster's referenece book method...
2025-01-29 19:31:24,162 - forecasters_reference_book_logger - INFO - importing configurations...
2025-01-29 19:31:24,165 - forecasters_reference_book_logger - INFO - imported configurations
2025-01-29 19:31:24,165 - forecasters_reference_book_logger - INFO - importing method data from ../data/K_lookup.csv...
2025-01-29 19:35:36,777 - forecasters_reference_book_logger - INFO - Executing forecaster's referenece book method...
2025-01-29 19:35:36,778 - forecasters_reference_book_logger - INFO - importing configurations...
2025-01-29 19:35:36,784 - forecasters_reference_book_logger - INFO - imported configurations
2025-01-29 19:35:36,784 - forecasters_reference_book_logger - INFO - importing method data from ../data/K_lookup.csv...
2025-01-29 19:38:04,144 - forecasters_reference_book_logger - INFO - Executing forecaster's referenece book method...
2025-01-29 19:38:04,145 - forecasters_reference_book_logger - INFO - importing configurations...
2025-01-29 19:38:04,148 - forecasters_reference_book_logger - INFO - imported configurations
2025-01-29 19:38:04,148 - forecasters_reference_book_logger - INFO - importing method data from ../data/K_lookup.csv...
2025-01-29 19:38:04,153 - forecasters_reference_book_logger - INFO - imported method data from ../data/K_lookup.csv
2025-01-29 19:38:04,153 - forecasters_reference_book_logger - INFO - importing ../data/initial_data.csv to be processed...
2025-01-29 19:38:04,157 - forecasters_reference_book_logger - INFO - imported ../data/initial_data.csv to be processed
2025-01-29 19:38:04,158 - forecasters_reference_book_logger - INFO - Computing forecaster's referenece book method...
2025-01-29 19:45:47,163 - forecasters_reference_book_logger - INFO - Executing forecaster's referenece book method...
2025-01-29 19:45:47,163 - forecasters_reference_book_logger - INFO - importing configurations...
2025-01-29 19:45:47,166 - forecasters_reference_book_logger - INFO - imported configurations
2025-01-29 19:45:47,166 - forecasters_reference_book_logger - INFO - importing method data from ../data/K_lookup.csv...
2025-01-29 19:45:47,174 - forecasters_reference_book_logger - INFO - imported method data from ../data/K_lookup.csv
2025-01-29 19:45:47,175 - forecasters_reference_book_logger - INFO - importing ../data/initial_data.csv to be processed...
2025-01-29 19:46:08,760 - forecasters_reference_book_logger - INFO - Executing forecaster's referenece book method...
2025-01-29 19:46:08,760 - forecasters_reference_book_logger - INFO - importing configurations...
2025-01-29 19:46:08,763 - forecasters_reference_book_logger - INFO - imported configurations
2025-01-29 19:46:08,763 - forecasters_reference_book_logger - INFO - importing method data from ../data/K_lookup.csv...
2025-01-29 19:46:08,772 - forecasters_reference_book_logger - INFO - imported method data from ../data/K_lookup.csv
2025-01-29 19:46:08,772 - forecasters_reference_book_logger - INFO - importing ../data/initial_data.csv to be processed...
2025-01-29 19:46:08,778 - forecasters_reference_book_logger - INFO - imported ../data/initial_data.csv to be processed
2025-01-29 19:46:08,779 - forecasters_reference_book_logger - INFO - Computing forecaster's referenece book method...
2025-01-29 19:46:08,780 - forecasters_reference_book_logger - INFO - Computed  forecaster's referenece book method
2025-01-29 19:46:08,781 - forecasters_reference_book_logger - INFO - Writing outputs to ../outputs/initial_outputs.csv...
2025-01-29 19:46:08,786 - forecasters_reference_book_logger - INFO - Written outputs to ../outputs/initial_outputs.csv
2025-01-29 19:46:08,786 - forecasters_reference_book_logger - INFO - Executed forecaster's referenece book method
2025-01-29 19:46:41,002 - forecasters_reference_book_logger - INFO - Executing forecaster's referenece book method...
2025-01-29 19:46:41,002 - forecasters_reference_book_logger - INFO - importing configurations...
2025-01-29 19:46:41,005 - forecasters_reference_book_logger - INFO - imported configurations
2025-01-29 19:46:41,005 - forecasters_reference_book_logger - INFO - importing method data from ../data/K_lookup.csv...
2025-01-29 19:46:41,010 - forecasters_reference_book_logger - INFO - imported method data from ../data/K_lookup.csv
2025-01-29 19:46:41,010 - forecasters_reference_book_logger - INFO - importing ../data/test_data.csv to be processed...
2025-01-29 19:46:41,014 - forecasters_reference_book_logger - INFO - imported ../data/test_data.csv to be processed
2025-01-29 19:46:41,015 - forecasters_reference_book_logger - INFO - Computing forecaster's referenece book method...
2025-01-29 19:46:41,016 - forecasters_reference_book_logger - INFO - Computed  forecaster's referenece book method
2025-01-29 19:46:41,016 - forecasters_reference_book_logger - INFO - Writing outputs to ../outputs/test_outputs.csv...
2025-01-29 19:46:41,020 - forecasters_reference_book_logger - INFO - Written outputs to ../outputs/test_outputs.csv
2025-01-29 19:46:41,020 - forecasters_reference_book_logger - INFO - Executed forecaster's referenece book method
2025-01-29 19:51:33,194 - forecasters_reference_book_logger - INFO - Executing forecaster's referenece book method...
2025-01-29 19:51:33,194 - forecasters_reference_book_logger - INFO - importing configurations...
2025-01-29 19:51:33,197 - forecasters_reference_book_logger - INFO - imported configurations
2025-01-29 19:51:33,197 - forecasters_reference_book_logger - INFO - importing method data from ../data/K_lookup.csv...
2025-01-29 19:51:33,206 - forecasters_reference_book_logger - INFO - imported method data from ../data/K_lookup.csv
2025-01-29 19:51:33,206 - forecasters_reference_book_logger - INFO - importing ../data/test_data.csv to be processed...
2025-01-29 19:51:33,211 - forecasters_reference_book_logger - INFO - imported ../data/test_data.csv to be processed
2025-01-29 19:51:33,211 - forecasters_reference_book_logger - INFO - Computing forecaster's referenece book method...
2025-01-29 19:51:33,213 - forecasters_reference_book_logger - INFO - Computed  forecaster's referenece book method
2025-01-29 19:51:33,213 - forecasters_reference_book_logger - INFO - Writing outputs to ../outputs/test_outputs.csv...
2025-01-29 19:51:33,214 - forecasters_reference_book_logger - INFO - The file ../outputs/test_outputs.csv already exists and will be overwritten
2025-01-29 19:51:33,219 - forecasters_reference_book_logger - INFO - Written outputs to ../outputs/test_outputs.csv
2025-01-29 19:51:33,219 - forecasters_reference_book_logger - INFO - Executed forecaster's referenece book method
2025-01-29 19:53:34,654 - forecasters_reference_book_logger - INFO - Executing forecaster's referenece book method...
2025-01-29 19:53:34,654 - forecasters_reference_book_logger - INFO - importing configurations...
2025-01-29 19:53:34,657 - forecasters_reference_book_logger - INFO - imported configurations
2025-01-29 19:53:34,657 - forecasters_reference_book_logger - INFO - importing method data from ../data/K_lookup.csv...
2025-01-29 19:53:34,664 - forecasters_reference_book_logger - INFO - imported method data from ../data/K_lookup.csv
2025-01-29 19:53:34,665 - forecasters_reference_book_logger - INFO - importing ../data/initial_data.csv to be processed...
2025-01-29 19:53:34,669 - forecasters_reference_book_logger - INFO - imported ../data/initial_data.csv to be processed
2025-01-29 19:53:34,669 - forecasters_reference_book_logger - INFO - Computing forecaster's referenece book method...
2025-01-29 19:53:34,671 - forecasters_reference_book_logger - INFO - Computed  forecaster's referenece book method
2025-01-29 19:53:34,671 - forecasters_reference_book_logger - INFO - Writing outputs to ../outputs/initial_outputs.csv...
2025-01-29 19:53:34,672 - forecasters_reference_book_logger - INFO - The file ../outputs/initial_outputs.csv already exists and will be overwritten
2025-01-29 19:53:34,676 - forecasters_reference_book_logger - INFO - Written outputs to ../outputs/initial_outputs.csv
2025-01-29 19:53:34,677 - forecasters_reference_book_logger - INFO - Executed forecaster's referenece book method
2025-01-29 21:13:10,040 - forecasters_reference_book_logger - INFO - Executing forecaster's referenece book method...
2025-01-29 21:13:10,040 - forecasters_reference_book_logger - INFO - importing configurations...
2025-01-29 21:13:10,043 - forecasters_reference_book_logger - INFO - imported configurations
2025-01-29 21:13:10,043 - forecasters_reference_book_logger - INFO - importing method data from ../data/K_lookup.csv...
2025-01-29 21:13:10,049 - forecasters_reference_book_logger - INFO - imported method data from ../data/K_lookup.csv
2025-01-29 21:13:10,050 - forecasters_reference_book_logger - INFO - importing ../data/initial_data.csv to be processed...
2025-01-29 21:13:10,054 - forecasters_reference_book_logger - INFO - imported ../data/initial_data.csv to be processed
2025-01-29 21:13:10,054 - forecasters_reference_book_logger - INFO - Computing forecaster's referenece book method...
2025-01-29 21:13:10,056 - forecasters_reference_book_logger - INFO - Computed  forecaster's referenece book method
2025-01-29 21:13:10,056 - forecasters_reference_book_logger - INFO - Writing outputs to ../outputs/initial_outputs.csv...
2025-01-29 21:13:10,057 - forecasters_reference_book_logger - INFO - The file ../outputs/initial_outputs.csv already exists and will be overwritten
2025-01-29 21:13:10,061 - forecasters_reference_book_logger - INFO - Written outputs to ../outputs/initial_outputs.csv
2025-01-29 21:13:10,062 - forecasters_reference_book_logger - INFO - Executed forecaster's referenece book method
2025-01-29 21:14:03,652 - forecasters_reference_book_logger - INFO - Executing forecaster's referenece book method...
2025-01-29 21:14:03,653 - forecasters_reference_book_logger - INFO - importing configurations...
2025-01-29 21:14:03,656 - forecasters_reference_book_logger - INFO - imported configurations
2025-01-29 21:14:03,656 - forecasters_reference_book_logger - INFO - importing method data from ../data/K_lookup.csv...
2025-01-29 21:14:03,664 - forecasters_reference_book_logger - INFO - imported method data from ../data/K_lookup.csv
2025-01-29 21:14:03,664 - forecasters_reference_book_logger - INFO - importing ../data/test_data.csv to be processed...
2025-01-29 21:14:03,669 - forecasters_reference_book_logger - INFO - imported ../data/test_data.csv to be processed
2025-01-29 21:14:03,670 - forecasters_reference_book_logger - INFO - Computing forecaster's referenece book method...
2025-01-29 21:14:03,672 - forecasters_reference_book_logger - INFO - Computed  forecaster's referenece book method
2025-01-29 21:14:03,672 - forecasters_reference_book_logger - INFO - Writing outputs to ../outputs/test_outputs.csv...
2025-01-29 21:14:03,673 - forecasters_reference_book_logger - INFO - The file ../outputs/test_outputs.csv already exists and will be overwritten
2025-01-29 21:14:03,677 - forecasters_reference_book_logger - INFO - Written outputs to ../outputs/test_outputs.csv
2025-01-29 21:14:03,678 - forecasters_reference_book_logger - INFO - Executed forecaster's referenece book method
2025-01-29 21:49:04,091 - forecasters_reference_book_logger - INFO - Executing forecaster's referenece book method...
2025-01-29 21:49:04,091 - forecasters_reference_book_logger - INFO - importing configurations...
2025-01-29 21:49:04,094 - forecasters_reference_book_logger - INFO - imported configurations
2025-01-29 21:49:04,095 - forecasters_reference_book_logger - INFO - importing method data from ../data/K_lookup.csv...
2025-01-29 21:49:04,099 - forecasters_reference_book_logger - INFO - imported method data from ../data/K_lookup.csv
2025-01-29 21:49:04,100 - forecasters_reference_book_logger - INFO - importing ../data/initial_data.csv to be processed...
2025-01-29 21:49:04,104 - forecasters_reference_book_logger - INFO - imported ../data/initial_data.csv to be processed
2025-01-29 21:49:04,104 - forecasters_reference_book_logger - INFO - Computing forecaster's referenece book method...
2025-01-29 21:49:04,106 - forecasters_reference_book_logger - INFO - Computed  forecaster's referenece book method
2025-01-29 21:49:04,106 - forecasters_reference_book_logger - INFO - Writing outputs to ../outputs/initial_outputs.csv...
2025-01-29 21:49:04,107 - forecasters_reference_book_logger - INFO - The file ../outputs/initial_outputs.csv already exists and will be overwritten
2025-01-29 21:49:04,111 - forecasters_reference_book_logger - INFO - Written outputs to ../outputs/initial_outputs.csv
2025-01-29 21:49:04,112 - forecasters_reference_book_logger - INFO - Executed forecaster's referenece book method
2025-01-29 21:56:17,178 - forecasters_reference_book_logger - INFO - Executing forecaster's referenece book method...
2025-01-29 21:56:17,179 - forecasters_reference_book_logger - INFO - importing configurations...
2025-01-29 21:56:17,181 - forecasters_reference_book_logger - INFO - imported configurations
2025-01-29 21:56:17,182 - forecasters_reference_book_logger - INFO - importing method data from ../data/K_lookup.csv...
2025-01-29 21:56:17,186 - forecasters_reference_book_logger - INFO - imported method data from ../data/K_lookup.csv
2025-01-29 21:56:17,186 - forecasters_reference_book_logger - INFO - importing ../data/initial_data.csv to be processed...
2025-01-29 21:56:17,190 - forecasters_reference_book_logger - INFO - imported ../data/initial_data.csv to be processed
2025-01-29 21:56:17,191 - forecasters_reference_book_logger - INFO - Computing forecaster's referenece book method...
2025-01-29 21:56:17,192 - forecasters_reference_book_logger - INFO - Computed  forecaster's referenece book method
2025-01-29 21:56:17,193 - forecasters_reference_book_logger - INFO - Writing outputs to ../outputs/initial_outputs.csv...
2025-01-29 21:56:17,194 - forecasters_reference_book_logger - INFO - The file ../outputs/initial_outputs.csv already exists and will be overwritten
2025-01-29 21:56:17,197 - forecasters_reference_book_logger - INFO - Written outputs to ../outputs/initial_outputs.csv
2025-01-29 21:56:17,198 - forecasters_reference_book_logger - INFO - Executed forecaster's referenece book method
2025-01-30 10:56:41,117 - forecasters_reference_book_logger - INFO - Executing forecaster's referenece book method...
2025-01-30 10:56:41,117 - forecasters_reference_book_logger - INFO - importing configurations...
2025-01-30 10:56:41,128 - forecasters_reference_book_logger - INFO - imported configurations
2025-01-30 10:56:41,128 - forecasters_reference_book_logger - INFO - importing method data from ../data/K_lookup.csv...
2025-01-30 10:56:41,148 - forecasters_reference_book_logger - INFO - imported method data from ../data/K_lookup.csv
2025-01-30 10:56:41,148 - forecasters_reference_book_logger - INFO - importing ../data/initial_data.csv to be processed...
2025-01-30 10:56:41,162 - forecasters_reference_book_logger - INFO - imported ../data/initial_data.csv to be processed
2025-01-30 10:56:41,162 - forecasters_reference_book_logger - INFO - Computing forecaster's referenece book method...
2025-01-30 10:56:41,165 - forecasters_reference_book_logger - INFO - Computed  forecaster's referenece book method
2025-01-30 10:56:41,165 - forecasters_reference_book_logger - INFO - Writing outputs to ../outputs/initial_outputs.csv...
2025-01-30 10:56:41,166 - forecasters_reference_book_logger - INFO - The file ../outputs/initial_outputs.csv already exists and will be overwritten
2025-01-30 10:56:41,171 - forecasters_reference_book_logger - INFO - Written outputs to ../outputs/initial_outputs.csv
2025-01-30 10:56:41,171 - forecasters_reference_book_logger - INFO - Executed forecaster's referenece book method
